<?xml version="1.0" encoding="UTF-8"?>
<!-- Generated by org.testng.reporters.JUnitReportReporter -->
<testsuite skipped="0" hostname="ip-172-31-94-108" name="test.PostRequest" tests="1" failures="0" timestamp="03 Dec 2021 06:09:46 GMT" time="1.363" errors="0">
  <testcase name="PostCall" time="1.363" classname="test.PostRequest"/>
</testsuite> <!-- test.PostRequest -->
