<?xml version="1.0" encoding="UTF-8"?>
<!-- Generated by org.testng.reporters.JUnitReportReporter -->
<testsuite skipped="0" hostname="ip-172-31-94-108" name="usingbdd.GetRequest" tests="1" failures="0" timestamp="03 Dec 2021 15:05:03 GMT" time="1.559" errors="0">
  <testcase name="GetCall" time="1.559" classname="usingbdd.GetRequest"/>
</testsuite> <!-- usingbdd.GetRequest -->
