<?xml version="1.0" encoding="UTF-8"?>
<!-- Generated by org.testng.reporters.JUnitReportReporter -->
<testsuite skipped="0" hostname="ip-172-31-94-108" name="usingbdd.PostRequest" tests="1" failures="0" timestamp="03 Dec 2021 15:03:51 GMT" time="1.566" errors="0">
  <testcase name="PostCall" time="1.566" classname="usingbdd.PostRequest"/>
</testsuite> <!-- usingbdd.PostRequest -->
